app/build/intermediates/manifest_merge_blame_file/debug/manifest-merger-blame-debug-report.txt
1<?xml version="1.0" encoding="utf-8"?>
2<manifest xmlns:android="http://schemas.android.com/apk/res/android"
3    package="com.yolabysayri.yola"
4    android:versionCode="1"
5    android:versionName="0.1.0" >
6
7    <uses-sdk
8        android:minSdkVersion="26"
9        android:targetSdkVersion="34" />
10
11    <!-- Permisos -->
12    <uses-permission android:name="android.permission.INTERNET" />
12-->src\main\AndroidManifest.xml:6:5-67
12-->src\main\AndroidManifest.xml:6:22-64
13    <uses-permission android:name="android.permission.ACCESS_NETWORK_STATE" />
13-->src\main\AndroidManifest.xml:7:5-79
13-->src\main\AndroidManifest.xml:7:22-76
14    <uses-permission android:name="android.permission.ACCESS_WIFI_STATE" />
14-->src\main\AndroidManifest.xml:8:5-76
14-->src\main\AndroidManifest.xml:8:22-73
15    <uses-permission android:name="android.permission.CHANGE_WIFI_MULTICAST_STATE" />
15-->src\main\AndroidManifest.xml:9:5-86
15-->src\main\AndroidManifest.xml:9:22-83
16    <uses-permission android:name="android.permission.FOREGROUND_SERVICE" />
16-->src\main\AndroidManifest.xml:10:5-77
16-->src\main\AndroidManifest.xml:10:22-74
17    <uses-permission android:name="android.permission.FOREGROUND_SERVICE_DATA_SYNC" />
17-->src\main\AndroidManifest.xml:11:5-87
17-->src\main\AndroidManifest.xml:11:22-84
18    <uses-permission android:name="android.permission.RECORD_AUDIO" />
18-->src\main\AndroidManifest.xml:12:5-71
18-->src\main\AndroidManifest.xml:12:22-68
19    <uses-permission android:name="android.permission.WAKE_LOCK" />
19-->src\main\AndroidManifest.xml:13:5-68
19-->src\main\AndroidManifest.xml:13:22-65
20    <uses-permission android:name="android.permission.RECEIVE_BOOT_COMPLETED" />
20-->src\main\AndroidManifest.xml:14:5-81
20-->src\main\AndroidManifest.xml:14:22-78
21    <uses-permission android:name="android.permission.POST_NOTIFICATIONS" />
21-->src\main\AndroidManifest.xml:15:5-77
21-->src\main\AndroidManifest.xml:15:22-74
22
23    <permission
23-->[androidx.core:core:1.12.0] AndroidManifest.xml:22:5-24:47
24        android:name="com.yolabysayri.yola.DYNAMIC_RECEIVER_NOT_EXPORTED_PERMISSION"
24-->[androidx.core:core:1.12.0] AndroidManifest.xml:23:9-81
25        android:protectionLevel="signature" />
25-->[androidx.core:core:1.12.0] AndroidManifest.xml:24:9-44
26
27    <uses-permission android:name="com.yolabysayri.yola.DYNAMIC_RECEIVER_NOT_EXPORTED_PERMISSION" />
27-->[androidx.core:core:1.12.0] AndroidManifest.xml:26:5-97
27-->[androidx.core:core:1.12.0] AndroidManifest.xml:26:22-94
28
29    <application
29-->src\main\AndroidManifest.xml:17:5-53:19
30        android:allowBackup="true"
30-->src\main\AndroidManifest.xml:18:9-35
31        android:appComponentFactory="androidx.core.app.CoreComponentFactory"
31-->[androidx.core:core:1.12.0] AndroidManifest.xml:28:18-86
32        android:debuggable="true"
33        android:extractNativeLibs="false"
34        android:icon="@mipmap/ic_launcher"
34-->src\main\AndroidManifest.xml:19:9-43
35        android:label="YOLA"
35-->src\main\AndroidManifest.xml:20:9-29
36        android:supportsRtl="true"
36-->src\main\AndroidManifest.xml:21:9-35
37        android:testOnly="true"
38        android:theme="@style/Theme.YOLA"
38-->src\main\AndroidManifest.xml:22:9-42
39        android:usesCleartextTraffic="true" >
39-->src\main\AndroidManifest.xml:23:9-44
40
41        <!-- Main Activity -->
42        <activity
42-->src\main\AndroidManifest.xml:26:9-36:20
43            android:name="com.yolabysayri.yola.MainActivity"
43-->src\main\AndroidManifest.xml:27:13-41
44            android:configChanges="orientation|screenSize|screenLayout|keyboardHidden"
44-->src\main\AndroidManifest.xml:29:13-87
45            android:exported="true"
45-->src\main\AndroidManifest.xml:28:13-36
46            android:launchMode="singleTask"
46-->src\main\AndroidManifest.xml:31:13-44
47            android:windowSoftInputMode="adjustResize" >
47-->src\main\AndroidManifest.xml:30:13-55
48            <intent-filter>
48-->src\main\AndroidManifest.xml:32:13-35:29
49                <action android:name="android.intent.action.MAIN" />
49-->src\main\AndroidManifest.xml:33:17-69
49-->src\main\AndroidManifest.xml:33:25-66
50
51                <category android:name="android.intent.category.LAUNCHER" />
51-->src\main\AndroidManifest.xml:34:17-77
51-->src\main\AndroidManifest.xml:34:27-74
52            </intent-filter>
53        </activity>
54
55        <!-- Background Service -->
56        <service
56-->src\main\AndroidManifest.xml:39:9-42:56
57            android:name="com.yolabysayri.yola.service.BackgroundService"
57-->src\main\AndroidManifest.xml:40:13-54
58            android:exported="false"
58-->src\main\AndroidManifest.xml:41:13-37
59            android:foregroundServiceType="dataSync" />
59-->src\main\AndroidManifest.xml:42:13-53
60
61        <!-- Boot Receiver -->
62        <receiver
62-->src\main\AndroidManifest.xml:45:9-51:20
63            android:name="com.yolabysayri.yola.service.BootReceiver"
63-->src\main\AndroidManifest.xml:46:13-49
64            android:exported="true" >
64-->src\main\AndroidManifest.xml:47:13-36
65            <intent-filter>
65-->src\main\AndroidManifest.xml:48:13-50:29
66                <action android:name="android.intent.action.BOOT_COMPLETED" />
66-->src\main\AndroidManifest.xml:49:17-79
66-->src\main\AndroidManifest.xml:49:25-76
67            </intent-filter>
68        </receiver>
69
70        <activity
70-->[androidx.compose.ui:ui-tooling-android:1.6.1] AndroidManifest.xml:23:9-25:39
71            android:name="androidx.compose.ui.tooling.PreviewActivity"
71-->[androidx.compose.ui:ui-tooling-android:1.6.1] AndroidManifest.xml:24:13-71
72            android:exported="true" />
72-->[androidx.compose.ui:ui-tooling-android:1.6.1] AndroidManifest.xml:25:13-36
73        <activity
73-->[androidx.compose.ui:ui-test-manifest:1.6.1] AndroidManifest.xml:23:9-25:39
74            android:name="androidx.activity.ComponentActivity"
74-->[androidx.compose.ui:ui-test-manifest:1.6.1] AndroidManifest.xml:24:13-63
75            android:exported="true" />
75-->[androidx.compose.ui:ui-test-manifest:1.6.1] AndroidManifest.xml:25:13-36
76
77        <provider
77-->[androidx.emoji2:emoji2:1.3.0] AndroidManifest.xml:24:9-32:20
78            android:name="androidx.startup.InitializationProvider"
78-->[androidx.emoji2:emoji2:1.3.0] AndroidManifest.xml:25:13-67
79            android:authorities="com.yolabysayri.yola.androidx-startup"
79-->[androidx.emoji2:emoji2:1.3.0] AndroidManifest.xml:26:13-68
80            android:exported="false" >
80-->[androidx.emoji2:emoji2:1.3.0] AndroidManifest.xml:27:13-37
81            <meta-data
81-->[androidx.emoji2:emoji2:1.3.0] AndroidManifest.xml:29:13-31:52
82                android:name="androidx.emoji2.text.EmojiCompatInitializer"
82-->[androidx.emoji2:emoji2:1.3.0] AndroidManifest.xml:30:17-75
83                android:value="androidx.startup" />
83-->[androidx.emoji2:emoji2:1.3.0] AndroidManifest.xml:31:17-49
84            <meta-data
84-->[androidx.lifecycle:lifecycle-process:2.7.0] AndroidManifest.xml:29:13-31:52
85                android:name="androidx.lifecycle.ProcessLifecycleInitializer"
85-->[androidx.lifecycle:lifecycle-process:2.7.0] AndroidManifest.xml:30:17-78
86                android:value="androidx.startup" />
86-->[androidx.lifecycle:lifecycle-process:2.7.0] AndroidManifest.xml:31:17-49
87            <meta-data
87-->[androidx.profileinstaller:profileinstaller:1.3.0] AndroidManifest.xml:29:13-31:52
88                android:name="androidx.profileinstaller.ProfileInstallerInitializer"
88-->[androidx.profileinstaller:profileinstaller:1.3.0] AndroidManifest.xml:30:17-85
89                android:value="androidx.startup" />
89-->[androidx.profileinstaller:profileinstaller:1.3.0] AndroidManifest.xml:31:17-49
90        </provider>
91
92        <receiver
92-->[androidx.profileinstaller:profileinstaller:1.3.0] AndroidManifest.xml:34:9-52:20
93            android:name="androidx.profileinstaller.ProfileInstallReceiver"
93-->[androidx.profileinstaller:profileinstaller:1.3.0] AndroidManifest.xml:35:13-76
94            android:directBootAware="false"
94-->[androidx.profileinstaller:profileinstaller:1.3.0] AndroidManifest.xml:36:13-44
95            android:enabled="true"
95-->[androidx.profileinstaller:profileinstaller:1.3.0] AndroidManifest.xml:37:13-35
96            android:exported="true"
96-->[androidx.profileinstaller:profileinstaller:1.3.0] AndroidManifest.xml:38:13-36
97            android:permission="android.permission.DUMP" >
97-->[androidx.profileinstaller:profileinstaller:1.3.0] AndroidManifest.xml:39:13-57
98            <intent-filter>
98-->[androidx.profileinstaller:profileinstaller:1.3.0] AndroidManifest.xml:40:13-42:29
99                <action android:name="androidx.profileinstaller.action.INSTALL_PROFILE" />
99-->[androidx.profileinstaller:profileinstaller:1.3.0] AndroidManifest.xml:41:17-91
99-->[androidx.profileinstaller:profileinstaller:1.3.0] AndroidManifest.xml:41:25-88
100            </intent-filter>
101            <intent-filter>
101-->[androidx.profileinstaller:profileinstaller:1.3.0] AndroidManifest.xml:43:13-45:29
102                <action android:name="androidx.profileinstaller.action.SKIP_FILE" />
102-->[androidx.profileinstaller:profileinstaller:1.3.0] AndroidManifest.xml:44:17-85
102-->[androidx.profileinstaller:profileinstaller:1.3.0] AndroidManifest.xml:44:25-82
103            </intent-filter>
104            <intent-filter>
104-->[androidx.profileinstaller:profileinstaller:1.3.0] AndroidManifest.xml:46:13-48:29
105                <action android:name="androidx.profileinstaller.action.SAVE_PROFILE" />
105-->[androidx.profileinstaller:profileinstaller:1.3.0] AndroidManifest.xml:47:17-88
105-->[androidx.profileinstaller:profileinstaller:1.3.0] AndroidManifest.xml:47:25-85
106            </intent-filter>
107            <intent-filter>
107-->[androidx.profileinstaller:profileinstaller:1.3.0] AndroidManifest.xml:49:13-51:29
108                <action android:name="androidx.profileinstaller.action.BENCHMARK_OPERATION" />
108-->[androidx.profileinstaller:profileinstaller:1.3.0] AndroidManifest.xml:50:17-95
108-->[androidx.profileinstaller:profileinstaller:1.3.0] AndroidManifest.xml:50:25-92
109            </intent-filter>
110        </receiver>
111    </application>
112
113</manifest>